<?xml version="1.0" encoding="UTF-8"?>
<!-- Generated by org.testng.reporters.JUnitReportReporter -->
<testsuite hostname="LAPTOP-2CA49PIM" failures="0" tests="2" name="com.teklabframework.classExamples.workWithElements.ActionBuilder" time="16.933" errors="0" timestamp="23 Jun 2020 02:27:35 GMT" skipped="1">
  <testcase classname="com.teklabframework.classExamples.workWithElements.ActionBuilder" name="testFBAction" time="16.933"/>
  <testcase classname="com.teklabframework.classExamples.workWithElements.ActionBuilder" name="dragANDDrop">
    <skipped/>
  </testcase> <!-- dragANDDrop -->
</testsuite> <!-- com.teklabframework.classExamples.workWithElements.ActionBuilder -->
