<?xml version="1.0" encoding="UTF-8"?>
<!-- Generated by org.testng.reporters.JUnitReportReporter -->
<testsuite hostname="LAPTOP-2CA49PIM" failures="0" tests="1" name="com.teklabframework.classExamples.alertWindowFrame.AlertExample" time="12.857" errors="0" timestamp="24 Jun 2020 22:27:19 GMT" skipped="0">
  <testcase classname="com.teklabframework.classExamples.alertWindowFrame.AlertExample" name="alert" time="12.857"/>
</testsuite> <!-- com.teklabframework.classExamples.alertWindowFrame.AlertExample -->
