<?xml version="1.0" encoding="UTF-8"?>
<!-- Generated by org.testng.reporters.JUnitReportReporter -->
<testsuite hostname="LAPTOP-2CA49PIM" failures="0" tests="1" name="com.teklabframework.TestingAround" time="43.180" errors="0" timestamp="18 Jun 2020 02:54:11 GMT" skipped="0">
  <testcase classname="com.teklabframework.TestingAround" name="testCase1" time="43.180"/>
</testsuite> <!-- com.teklabframework.TestingAround -->
