<?xml version="1.0" encoding="UTF-8"?>
<!-- Generated by org.testng.reporters.JUnitReportReporter -->
<testsuite hostname="LAPTOP-2CA49PIM" failures="0" tests="1" name="com.teklabframework.classExamples.alertWindowFrame.WindowExample" time="19.937" errors="0" timestamp="25 Jun 2020 16:29:51 GMT" skipped="0">
  <testcase classname="com.teklabframework.classExamples.alertWindowFrame.WindowExample" name="policyWindow" time="19.937"/>
</testsuite> <!-- com.teklabframework.classExamples.alertWindowFrame.WindowExample -->
